<?xml version="1.0" encoding="UTF-8" ?>
<testsuite tests="1" failures="1" name="com.amazonaws.lambda.demo.LambdaFunctionHandlerTest" time="2.404" errors="0" skipped="0">
  <properties>
    <property name="java.runtime.name" value="Java(TM) SE Runtime Environment"/>
    <property name="sun.boot.library.path" value="/usr/java/jdk1.8.0_171/jre/lib/amd64"/>
    <property name="java.vm.version" value="25.171-b11"/>
    <property name="java.vm.vendor" value="Oracle Corporation"/>
    <property name="maven.multiModuleProjectDirectory" value="/home/jacob/Github/BKP_Backend_2/Workspace_New/SampleLambdaProject"/>
    <property name="java.vendor.url" value="http://java.oracle.com/"/>
    <property name="path.separator" value=":"/>
    <property name="guice.disable.misplaced.annotation.check" value="true"/>
    <property name="java.vm.name" value="Java HotSpot(TM) 64-Bit Server VM"/>
    <property name="file.encoding.pkg" value="sun.io"/>
    <property name="user.country" value="IN"/>
    <property name="sun.java.launcher" value="SUN_STANDARD"/>
    <property name="sun.os.patch.level" value="unknown"/>
    <property name="java.vm.specification.name" value="Java Virtual Machine Specification"/>
    <property name="user.dir" value="/home/jacob/Github/BKP_Backend_2/Workspace_New/SampleLambdaProject"/>
    <property name="java.runtime.version" value="1.8.0_171-b11"/>
    <property name="java.awt.graphicsenv" value="sun.awt.X11GraphicsEnvironment"/>
    <property name="java.endorsed.dirs" value="/usr/java/jdk1.8.0_171/jre/lib/endorsed"/>
    <property name="os.arch" value="amd64"/>
    <property name="java.io.tmpdir" value="/tmp"/>
    <property name="line.separator" value="
"/>
    <property name="java.vm.specification.vendor" value="Oracle Corporation"/>
    <property name="os.name" value="Linux"/>
    <property name="classworlds.conf" value="/usr/share/maven/bin/m2.conf"/>
    <property name="sun.jnu.encoding" value="UTF-8"/>
    <property name="java.library.path" value="/usr/java/packages/lib/amd64:/usr/lib64:/lib64:/lib:/usr/lib"/>
    <property name="maven.conf" value="/usr/share/maven/conf"/>
    <property name="java.specification.name" value="Java Platform API Specification"/>
    <property name="java.class.version" value="52.0"/>
    <property name="sun.management.compiler" value="HotSpot 64-Bit Tiered Compilers"/>
    <property name="os.version" value="4.15.0-36-generic"/>
    <property name="library.jansi.path" value="/usr/share/maven/lib/jansi-native"/>
    <property name="user.home" value="/home/jacob"/>
    <property name="user.timezone" value="Asia/Kolkata"/>
    <property name="java.awt.printerjob" value="sun.print.PSPrinterJob"/>
    <property name="java.specification.version" value="1.8"/>
    <property name="file.encoding" value="UTF-8"/>
    <property name="user.name" value="jacob"/>
    <property name="java.class.path" value="/usr/share/maven/boot/plexus-classworlds-2.x.jar"/>
    <property name="java.vm.specification.version" value="1.8"/>
    <property name="sun.arch.data.model" value="64"/>
    <property name="java.home" value="/usr/java/jdk1.8.0_171/jre"/>
    <property name="sun.java.command" value="org.codehaus.plexus.classworlds.launcher.Launcher package"/>
    <property name="java.specification.vendor" value="Oracle Corporation"/>
    <property name="user.language" value="en"/>
    <property name="awt.toolkit" value="sun.awt.X11.XToolkit"/>
    <property name="java.vm.info" value="mixed mode"/>
    <property name="java.version" value="1.8.0_171"/>
    <property name="java.ext.dirs" value="/usr/java/jdk1.8.0_171/jre/lib/ext:/usr/java/packages/lib/ext"/>
    <property name="securerandom.source" value="file:/dev/./urandom"/>
    <property name="sun.boot.class.path" value="/usr/java/jdk1.8.0_171/jre/lib/resources.jar:/usr/java/jdk1.8.0_171/jre/lib/rt.jar:/usr/java/jdk1.8.0_171/jre/lib/sunrsasign.jar:/usr/java/jdk1.8.0_171/jre/lib/jsse.jar:/usr/java/jdk1.8.0_171/jre/lib/jce.jar:/usr/java/jdk1.8.0_171/jre/lib/charsets.jar:/usr/java/jdk1.8.0_171/jre/lib/jfr.jar:/usr/java/jdk1.8.0_171/jre/classes"/>
    <property name="java.vendor" value="Oracle Corporation"/>
    <property name="maven.home" value="/usr/share/maven"/>
    <property name="file.separator" value="/"/>
    <property name="java.vendor.url.bug" value="http://bugreport.sun.com/bugreport/"/>
    <property name="sun.cpu.endian" value="little"/>
    <property name="sun.io.unicode.encoding" value="UnicodeLittle"/>
    <property name="sun.desktop" value="gnome"/>
    <property name="sun.cpu.isalist" value=""/>
  </properties>
  <testcase classname="com.amazonaws.lambda.demo.LambdaFunctionHandlerTest" name="testLambdaFunctionHandler" time="2.404">
    <failure message="expected:&lt;[Hello from Lambda!]&gt; but was:&lt;[{&quot;alias&quot;:&quot;dev&quot;,&quot;config&quot;:&quot;{&apos;DB&apos;:{&apos;ENDPOINT&apos;:&apos;dev-db.appcohesion.io&apos;,&apos;ENDPOINTUSERNAME&apos;:&apos;cctuser&apos;,&apos;ENDPOINTPASSWORD&apos;:&apos;rJ65MqHWPHVu2fiZ&apos;,&apos;ENDPOINTDBNAME&apos;:&apos;retailer_portal&apos;},&apos;ELASTIC_SEARCH&apos;:{&apos;HOST&apos;:&apos;search-cct-elastic-search-dev-elbjgswllnev4qwvvwwm4ilebe.us-east-1.es.amazonaws.com&apos;, &apos;URL&apos;:&apos;https://search-cct-elastic-search-dev-elbjgswllnev4qwvvwwm4ilebe.us-east-1.es.amazonaws.com&apos;,&apos;CATEGORY_DRILLDOWN_INDEX&apos;:&apos;categorydrilldown_staging&apos;, &apos;LOOKUP_INDEX&apos;:&apos;lookup&apos;, &apos;LISTVIEW_INDEX&apos;:&apos;appcolistview&apos;},&apos;COGNITO_USERPOOL&apos;:{&apos;POOL_ID&apos;:&apos;us-east-1_qrVuqPIVK&apos;,&apos;CLIENT_ID&apos;:&apos;2m23b4njl67ofa7qs1bu5s8ikf&apos;}, &apos;ACH_PAYMENT&apos;:{&apos;EMAIL_ID&apos;:&apos;prasath2005@gmail.com,umesh@innovationincubator.com&apos;},&apos;POS_INTEGRATION&apos;:{&apos;ITEM_BASE_URL&apos;:&apos;http://app-dev.appcohesion.io&apos;}, &apos;ElasticSearchLambda&apos;:&apos;elasticSearchUtility&apos;, &apos;AuthorizationLambda&apos;:&apos;JavaUtility&apos;, &apos;ManufacturerAuthorizationLambda&apos;:&apos;manufacturerAuthUtil&apos;}&quot;}]&gt;" type="org.junit.ComparisonFailure">org.junit.ComparisonFailure: expected:&lt;[Hello from Lambda!]&gt; but was:&lt;[{&quot;alias&quot;:&quot;dev&quot;,&quot;config&quot;:&quot;{&apos;DB&apos;:{&apos;ENDPOINT&apos;:&apos;dev-db.appcohesion.io&apos;,&apos;ENDPOINTUSERNAME&apos;:&apos;cctuser&apos;,&apos;ENDPOINTPASSWORD&apos;:&apos;rJ65MqHWPHVu2fiZ&apos;,&apos;ENDPOINTDBNAME&apos;:&apos;retailer_portal&apos;},&apos;ELASTIC_SEARCH&apos;:{&apos;HOST&apos;:&apos;search-cct-elastic-search-dev-elbjgswllnev4qwvvwwm4ilebe.us-east-1.es.amazonaws.com&apos;, &apos;URL&apos;:&apos;https://search-cct-elastic-search-dev-elbjgswllnev4qwvvwwm4ilebe.us-east-1.es.amazonaws.com&apos;,&apos;CATEGORY_DRILLDOWN_INDEX&apos;:&apos;categorydrilldown_staging&apos;, &apos;LOOKUP_INDEX&apos;:&apos;lookup&apos;, &apos;LISTVIEW_INDEX&apos;:&apos;appcolistview&apos;},&apos;COGNITO_USERPOOL&apos;:{&apos;POOL_ID&apos;:&apos;us-east-1_qrVuqPIVK&apos;,&apos;CLIENT_ID&apos;:&apos;2m23b4njl67ofa7qs1bu5s8ikf&apos;}, &apos;ACH_PAYMENT&apos;:{&apos;EMAIL_ID&apos;:&apos;prasath2005@gmail.com,umesh@innovationincubator.com&apos;},&apos;POS_INTEGRATION&apos;:{&apos;ITEM_BASE_URL&apos;:&apos;http://app-dev.appcohesion.io&apos;}, &apos;ElasticSearchLambda&apos;:&apos;elasticSearchUtility&apos;, &apos;AuthorizationLambda&apos;:&apos;JavaUtility&apos;, &apos;ManufacturerAuthorizationLambda&apos;:&apos;manufacturerAuthUtil&apos;}&quot;}]&gt;
	at org.junit.Assert.assertEquals(Assert.java:115)
	at org.junit.Assert.assertEquals(Assert.java:144)
	at com.amazonaws.lambda.demo.LambdaFunctionHandlerTest.testLambdaFunctionHandler(LambdaFunctionHandlerTest.java:41)
	at sun.reflect.NativeMethodAccessorImpl.invoke0(Native Method)
	at sun.reflect.NativeMethodAccessorImpl.invoke(NativeMethodAccessorImpl.java:62)
	at sun.reflect.DelegatingMethodAccessorImpl.invoke(DelegatingMethodAccessorImpl.java:43)
	at java.lang.reflect.Method.invoke(Method.java:498)
	at org.junit.runners.model.FrameworkMethod$1.runReflectiveCall(FrameworkMethod.java:50)
	at org.junit.internal.runners.model.ReflectiveCallable.run(ReflectiveCallable.java:12)
	at org.junit.runners.model.FrameworkMethod.invokeExplosively(FrameworkMethod.java:47)
	at org.junit.internal.runners.statements.InvokeMethod.evaluate(InvokeMethod.java:17)
	at org.junit.runners.ParentRunner.runLeaf(ParentRunner.java:325)
	at org.junit.runners.BlockJUnit4ClassRunner.runChild(BlockJUnit4ClassRunner.java:78)
	at org.junit.runners.BlockJUnit4ClassRunner.runChild(BlockJUnit4ClassRunner.java:57)
	at org.junit.runners.ParentRunner$3.run(ParentRunner.java:290)
	at org.junit.runners.ParentRunner$1.schedule(ParentRunner.java:71)
	at org.junit.runners.ParentRunner.runChildren(ParentRunner.java:288)
	at org.junit.runners.ParentRunner.access$000(ParentRunner.java:58)
	at org.junit.runners.ParentRunner$2.evaluate(ParentRunner.java:268)
	at org.junit.internal.runners.statements.RunBefores.evaluate(RunBefores.java:26)
	at org.junit.runners.ParentRunner.run(ParentRunner.java:363)
	at org.apache.maven.surefire.junit4.JUnit4Provider.execute(JUnit4Provider.java:252)
	at org.apache.maven.surefire.junit4.JUnit4Provider.executeTestSet(JUnit4Provider.java:141)
	at org.apache.maven.surefire.junit4.JUnit4Provider.invoke(JUnit4Provider.java:112)
	at sun.reflect.NativeMethodAccessorImpl.invoke0(Native Method)
	at sun.reflect.NativeMethodAccessorImpl.invoke(NativeMethodAccessorImpl.java:62)
	at sun.reflect.DelegatingMethodAccessorImpl.invoke(DelegatingMethodAccessorImpl.java:43)
	at java.lang.reflect.Method.invoke(Method.java:498)
	at org.apache.maven.surefire.util.ReflectionUtils.invokeMethodWithArray(ReflectionUtils.java:189)
	at org.apache.maven.surefire.booter.ProviderFactory$ProviderProxy.invoke(ProviderFactory.java:165)
	at org.apache.maven.surefire.booter.ProviderFactory.invokeProvider(ProviderFactory.java:85)
	at org.apache.maven.surefire.booter.ForkedBooter.runSuitesInProcess(ForkedBooter.java:115)
	at org.apache.maven.surefire.booter.ForkedBooter.main(ForkedBooter.java:75)
</failure>
    <system-out>{&quot;alias&quot;:&quot;dev&quot;,&quot;config&quot;:&quot;{&apos;DB&apos;:{&apos;ENDPOINT&apos;:&apos;dev-db.appcohesion.io&apos;,&apos;ENDPOINTUSERNAME&apos;:&apos;cctuser&apos;,&apos;ENDPOINTPASSWORD&apos;:&apos;rJ65MqHWPHVu2fiZ&apos;,&apos;ENDPOINTDBNAME&apos;:&apos;retailer_portal&apos;},&apos;ELASTIC_SEARCH&apos;:{&apos;HOST&apos;:&apos;search-cct-elastic-search-dev-elbjgswllnev4qwvvwwm4ilebe.us-east-1.es.amazonaws.com&apos;, &apos;URL&apos;:&apos;https://search-cct-elastic-search-dev-elbjgswllnev4qwvvwwm4ilebe.us-east-1.es.amazonaws.com&apos;,&apos;CATEGORY_DRILLDOWN_INDEX&apos;:&apos;categorydrilldown_staging&apos;, &apos;LOOKUP_INDEX&apos;:&apos;lookup&apos;, &apos;LISTVIEW_INDEX&apos;:&apos;appcolistview&apos;},&apos;COGNITO_USERPOOL&apos;:{&apos;POOL_ID&apos;:&apos;us-east-1_qrVuqPIVK&apos;,&apos;CLIENT_ID&apos;:&apos;2m23b4njl67ofa7qs1bu5s8ikf&apos;}, &apos;ACH_PAYMENT&apos;:{&apos;EMAIL_ID&apos;:&apos;prasath2005@gmail.com,umesh@innovationincubator.com&apos;},&apos;POS_INTEGRATION&apos;:{&apos;ITEM_BASE_URL&apos;:&apos;http://app-dev.appcohesion.io&apos;}, &apos;ElasticSearchLambda&apos;:&apos;elasticSearchUtility&apos;, &apos;AuthorizationLambda&apos;:&apos;JavaUtility&apos;, &apos;ManufacturerAuthorizationLambda&apos;:&apos;manufacturerAuthUtil&apos;}&quot;}
</system-out>
    <system-err>Input: {&quot;alias&quot;: &quot;dev&quot;}
</system-err>
  </testcase>
</testsuite>